# JRE version: OpenJDK Runtime Environment Temurin-17.0.6+10 (17.0.6+10) (build 17.0.6+10)
# Java VM: OpenJDK 64-Bit Server VM Temurin-17.0.6+10 (17.0.6+10, mixed mode, tiered, compressed oops, compressed class ptrs, parallel gc, windows-amd64)
GC Precious Log:
 CPUs: 8 total, 8 available
 Memory: 14284M
 Large Page Support: Disabled
 NUMA Support: Disabled
 Compressed Oops: Enabled (32-bit)
 Alignments: Space 512K, Generation 512K, Heap 2M
 Heap Min Capacity: 100M
 Heap Initial Capacity: 100M
 Heap Max Capacity: 1G
 Pre-touch: Disabled
 Parallel Workers: 8
Heap:
 PSYoungGen      total 21504K, used 15739K [0x00000000eab00000, 0x00000000ec300000, 0x0000000100000000)
  eden space 18432K, 70% used [0x00000000eab00000,0x00000000eb79ceb0,0x00000000ebd00000)
  from space 3072K, 91% used [0x00000000ec000000,0x00000000ec2c1e70,0x00000000ec300000)
  to   space 3072K, 0% used [0x00000000ebd00000,0x00000000ebd00000,0x00000000ec000000)
 ParOldGen       total 131072K, used 86696K [0x00000000c0000000, 0x00000000c8000000, 0x00000000eab00000)
  object space 131072K, 66% used [0x00000000c0000000,0x00000000c54aa3e8,0x00000000c8000000)
 Metaspace       used 87644K, committed 88768K, reserved 1130496K
  class space    used 8900K, committed 9408K, reserved 1048576K
GC Heap History (20 events):
Event: 5493.485 GC heap before
{Heap before GC invocations=2212 (full 27):
 PSYoungGen      total 19968K, used 18796K [0x00000000eab00000, 0x00000000ec480000, 0x0000000100000000)
  eden space 18944K, 95% used [0x00000000eab00000,0x00000000ebcaf7a8,0x00000000ebd80000)
  from space 1024K, 67% used [0x00000000ec380000,0x00000000ec42bb60,0x00000000ec480000)
  to   space 2560K, 0% used [0x00000000ebf80000,0x00000000ebf80000,0x00000000ec200000)
 ParOldGen       total 131072K, used 83993K [0x00000000c0000000, 0x00000000c8000000, 0x00000000eab00000)
  object space 131072K, 64% used [0x00000000c0000000,0x00000000c52065c8,0x00000000c8000000)
 Metaspace       used 87556K, committed 88704K, reserved 1130496K
  class space    used 8900K, committed 9408K, reserved 1048576K
}
Event: 5493.486 GC heap after
{Heap after GC invocations=2212 (full 27):
 PSYoungGen      total 20992K, used 1936K [0x00000000eab00000, 0x00000000ec400000, 0x0000000100000000)
  eden space 18944K, 0% used [0x00000000eab00000,0x00000000eab00000,0x00000000ebd80000)
  from space 2048K, 94% used [0x00000000ebf80000,0x00000000ec1642e8,0x00000000ec180000)
  to   space 2560K, 0% used [0x00000000ec180000,0x00000000ec180000,0x00000000ec400000)
 ParOldGen       total 131072K, used 83993K [0x00000000c0000000, 0x00000000c8000000, 0x00000000eab00000)
  object space 131072K, 64% used [0x00000000c0000000,0x00000000c52065c8,0x00000000c8000000)
 Metaspace       used 87556K, committed 88704K, reserved 1130496K
  class space    used 8900K, committed 9408K, reserved 1048576K
}
Event: 5493.536 GC heap before
{Heap before GC invocations=2213 (full 27):
 PSYoungGen      total 20992K, used 20415K [0x00000000eab00000, 0x00000000ec400000, 0x0000000100000000)
  eden space 18944K, 97% used [0x00000000eab00000,0x00000000ebd0bcd0,0x00000000ebd80000)
  from space 2048K, 94% used [0x00000000ebf80000,0x00000000ec1642e8,0x00000000ec180000)
  to   space 2560K, 0% used [0x00000000ec180000,0x00000000ec180000,0x00000000ec400000)
 ParOldGen       total 131072K, used 83993K [0x00000000c0000000, 0x00000000c8000000, 0x00000000eab00000)
  object space 131072K, 64% used [0x00000000c0000000,0x00000000c52065c8,0x00000000c8000000)
 Metaspace       used 87556K, committed 88704K, reserved 1130496K
  class space    used 8900K, committed 9408K, reserved 1048576K
}
Event: 5493.537 GC heap after
{Heap after GC invocations=2213 (full 27):
 PSYoungGen      total 19968K, used 955K [0x00000000eab00000, 0x00000000ec280000, 0x0000000100000000)
  eden space 18944K, 0% used [0x00000000eab00000,0x00000000eab00000,0x00000000ebd80000)
  from space 1024K, 93% used [0x00000000ec180000,0x00000000ec26ec60,0x00000000ec280000)
  to   space 1536K, 0% used [0x00000000ebf80000,0x00000000ebf80000,0x00000000ec100000)
 ParOldGen       total 131072K, used 83993K [0x00000000c0000000, 0x00000000c8000000, 0x00000000eab00000)
  object space 131072K, 64% used [0x00000000c0000000,0x00000000c52065c8,0x00000000c8000000)
 Metaspace       used 87556K, committed 88704K, reserved 1130496K
  class space    used 8900K, committed 9408K, reserved 1048576K
}
Event: 5493.591 GC heap before
{Heap before GC invocations=2214 (full 27):
 PSYoungGen      total 19968K, used 19068K [0x00000000eab00000, 0x00000000ec280000, 0x0000000100000000)
  eden space 18944K, 95% used [0x00000000eab00000,0x00000000ebcb0768,0x00000000ebd80000)
  from space 1024K, 93% used [0x00000000ec180000,0x00000000ec26ec60,0x00000000ec280000)
  to   space 1536K, 0% used [0x00000000ebf80000,0x00000000ebf80000,0x00000000ec100000)
 ParOldGen       total 131072K, used 83993K [0x00000000c0000000, 0x00000000c8000000, 0x00000000eab00000)
  object space 131072K, 64% used [0x00000000c0000000,0x00000000c52065c8,0x00000000c8000000)
 Metaspace       used 87567K, committed 88704K, reserved 1130496K
  class space    used 8900K, committed 9408K, reserved 1048576K
}
Event: 5493.592 GC heap after
{Heap after GC invocations=2214 (full 27):
 PSYoungGen      total 19968K, used 987K [0x00000000eab00000, 0x00000000ec200000, 0x0000000100000000)
  eden space 18944K, 0% used [0x00000000eab00000,0x00000000eab00000,0x00000000ebd80000)
  from space 1024K, 96% used [0x00000000ebf80000,0x00000000ec076c60,0x00000000ec080000)
  to   space 1536K, 0% used [0x00000000ec080000,0x00000000ec080000,0x00000000ec200000)
 ParOldGen       total 131072K, used 83993K [0x00000000c0000000, 0x00000000c8000000, 0x00000000eab00000)
  object space 131072K, 64% used [0x00000000c0000000,0x00000000c52065c8,0x00000000c8000000)
 Metaspace       used 87567K, committed 88704K, reserved 1130496K
  class space    used 8900K, committed 9408K, reserved 1048576K
}
Event: 5495.928 GC heap before
{Heap before GC invocations=2215 (full 27):
 PSYoungGen      total 19968K, used 19931K [0x00000000eab00000, 0x00000000ec200000, 0x0000000100000000)
  eden space 18944K, 100% used [0x00000000eab00000,0x00000000ebd80000,0x00000000ebd80000)
  from space 1024K, 96% used [0x00000000ebf80000,0x00000000ec076c60,0x00000000ec080000)
  to   space 1536K, 0% used [0x00000000ec080000,0x00000000ec080000,0x00000000ec200000)
 ParOldGen       total 131072K, used 83993K [0x00000000c0000000, 0x00000000c8000000, 0x00000000eab00000)
  object space 131072K, 64% used [0x00000000c0000000,0x00000000c52065c8,0x00000000c8000000)
 Metaspace       used 87591K, committed 88704K, reserved 1130496K
  class space    used 8900K, committed 9408K, reserved 1048576K
}
Event: 5495.929 GC heap after
{Heap after GC invocations=2215 (full 27):
 PSYoungGen      total 20480K, used 1335K [0x00000000eab00000, 0x00000000ec200000, 0x0000000100000000)
  eden space 18944K, 0% used [0x00000000eab00000,0x00000000eab00000,0x00000000ebd80000)
  from space 1536K, 86% used [0x00000000ec080000,0x00000000ec1cdd88,0x00000000ec200000)
  to   space 1536K, 0% used [0x00000000ebf00000,0x00000000ebf00000,0x00000000ec080000)
 ParOldGen       total 131072K, used 84887K [0x00000000c0000000, 0x00000000c8000000, 0x00000000eab00000)
  object space 131072K, 64% used [0x00000000c0000000,0x00000000c52e5e78,0x00000000c8000000)
 Metaspace       used 87591K, committed 88704K, reserved 1130496K
  class space    used 8900K, committed 9408K, reserved 1048576K
}
Event: 5498.066 GC heap before
{Heap before GC invocations=2216 (full 27):
 PSYoungGen      total 20480K, used 20279K [0x00000000eab00000, 0x00000000ec200000, 0x0000000100000000)
  eden space 18944K, 100% used [0x00000000eab00000,0x00000000ebd80000,0x00000000ebd80000)
  from space 1536K, 86% used [0x00000000ec080000,0x00000000ec1cdd88,0x00000000ec200000)
  to   space 1536K, 0% used [0x00000000ebf00000,0x00000000ebf00000,0x00000000ec080000)
 ParOldGen       total 131072K, used 84887K [0x00000000c0000000, 0x00000000c8000000, 0x00000000eab00000)
  object space 131072K, 64% used [0x00000000c0000000,0x00000000c52e5e78,0x00000000c8000000)
 Metaspace       used 87591K, committed 88704K, reserved 1130496K
  class space    used 8900K, committed 9408K, reserved 1048576K
}
Event: 5498.068 GC heap after
{Heap after GC invocations=2216 (full 27):
 PSYoungGen      total 20480K, used 1464K [0x00000000eab00000, 0x00000000ec100000, 0x0000000100000000)
  eden space 18944K, 0% used [0x00000000eab00000,0x00000000eab00000,0x00000000ebd80000)
  from space 1536K, 95% used [0x00000000ebf00000,0x00000000ec06e060,0x00000000ec080000)
  to   space 512K, 0% used [0x00000000ec080000,0x00000000ec080000,0x00000000ec100000)
 ParOldGen       total 131072K, used 85476K [0x00000000c0000000, 0x00000000c8000000, 0x00000000eab00000)
  object space 131072K, 65% used [0x00000000c0000000,0x00000000c5379178,0x00000000c8000000)
 Metaspace       used 87591K, committed 88704K, reserved 1130496K
  class space    used 8900K, committed 9408K, reserved 1048576K
}
Event: 5498.424 GC heap before
{Heap before GC invocations=2217 (full 27):
 PSYoungGen      total 20480K, used 20394K [0x00000000eab00000, 0x00000000ec100000, 0x0000000100000000)
  eden space 18944K, 99% used [0x00000000eab00000,0x00000000ebd7c9f8,0x00000000ebd80000)
  from space 1536K, 95% used [0x00000000ebf00000,0x00000000ec06e060,0x00000000ec080000)
  to   space 512K, 0% used [0x00000000ec080000,0x00000000ec080000,0x00000000ec100000)
 ParOldGen       total 131072K, used 85476K [0x00000000c0000000, 0x00000000c8000000, 0x00000000eab00000)
  object space 131072K, 65% used [0x00000000c0000000,0x00000000c5379178,0x00000000c8000000)
 Metaspace       used 87591K, committed 88704K, reserved 1130496K
  class space    used 8900K, committed 9408K, reserved 1048576K
}
Event: 5498.425 GC heap after
{Heap after GC invocations=2217 (full 27):
 PSYoungGen      total 19456K, used 501K [0x00000000eab00000, 0x00000000ec100000, 0x0000000100000000)
  eden space 18944K, 0% used [0x00000000eab00000,0x00000000eab00000,0x00000000ebd80000)
  from space 512K, 97% used [0x00000000ec080000,0x00000000ec0fd638,0x00000000ec100000)
  to   space 1536K, 0% used [0x00000000ebe00000,0x00000000ebe00000,0x00000000ebf80000)
 ParOldGen       total 131072K, used 86068K [0x00000000c0000000, 0x00000000c8000000, 0x00000000eab00000)
  object space 131072K, 65% used [0x00000000c0000000,0x00000000c540d020,0x00000000c8000000)
 Metaspace       used 87591K, committed 88704K, reserved 1130496K
  class space    used 8900K, committed 9408K, reserved 1048576K
}
Event: 5498.492 GC heap before
{Heap before GC invocations=2218 (full 27):
 PSYoungGen      total 19456K, used 19445K [0x00000000eab00000, 0x00000000ec100000, 0x0000000100000000)
  eden space 18944K, 100% used [0x00000000eab00000,0x00000000ebd80000,0x00000000ebd80000)
  from space 512K, 97% used [0x00000000ec080000,0x00000000ec0fd638,0x00000000ec100000)
  to   space 1536K, 0% used [0x00000000ebe00000,0x00000000ebe00000,0x00000000ebf80000)
 ParOldGen       total 131072K, used 86068K [0x00000000c0000000, 0x00000000c8000000, 0x00000000eab00000)
  object space 131072K, 65% used [0x00000000c0000000,0x00000000c540d020,0x00000000c8000000)
 Metaspace       used 87595K, committed 88704K, reserved 1130496K
  class space    used 8900K, committed 9408K, reserved 1048576K
}
Event: 5498.493 GC heap after
{Heap after GC invocations=2218 (full 27):
 PSYoungGen      total 20480K, used 1531K [0x00000000eab00000, 0x00000000ec280000, 0x0000000100000000)
  eden space 18944K, 0% used [0x00000000eab00000,0x00000000eab00000,0x00000000ebd80000)
  from space 1536K, 99% used [0x00000000ebe00000,0x00000000ebf7edf0,0x00000000ebf80000)
  to   space 2560K, 0% used [0x00000000ec000000,0x00000000ec000000,0x00000000ec280000)
 ParOldGen       total 131072K, used 86652K [0x00000000c0000000, 0x00000000c8000000, 0x00000000eab00000)
  object space 131072K, 66% used [0x00000000c0000000,0x00000000c549f210,0x00000000c8000000)
 Metaspace       used 87595K, committed 88704K, reserved 1130496K
  class space    used 8900K, committed 9408K, reserved 1048576K
}
Event: 5500.201 GC heap before
{Heap before GC invocations=2219 (full 27):
 PSYoungGen      total 20480K, used 20475K [0x00000000eab00000, 0x00000000ec280000, 0x0000000100000000)
  eden space 18944K, 100% used [0x00000000eab00000,0x00000000ebd80000,0x00000000ebd80000)
  from space 1536K, 99% used [0x00000000ebe00000,0x00000000ebf7edf0,0x00000000ebf80000)
  to   space 2560K, 0% used [0x00000000ec000000,0x00000000ec000000,0x00000000ec280000)
 ParOldGen       total 131072K, used 86652K [0x00000000c0000000, 0x00000000c8000000, 0x00000000eab00000)
  object space 131072K, 66% used [0x00000000c0000000,0x00000000c549f210,0x00000000c8000000)
 Metaspace       used 87642K, committed 88768K, reserved 1130496K
  class space    used 8900K, committed 9408K, reserved 1048576K
}
Event: 5500.203 GC heap after
{Heap after GC invocations=2219 (full 27):
 PSYoungGen      total 20992K, used 2556K [0x00000000eab00000, 0x00000000ec380000, 0x0000000100000000)
  eden space 18432K, 0% used [0x00000000eab00000,0x00000000eab00000,0x00000000ebd00000)
  from space 2560K, 99% used [0x00000000ec000000,0x00000000ec27f360,0x00000000ec280000)
  to   space 3072K, 0% used [0x00000000ebd00000,0x00000000ebd00000,0x00000000ec000000)
 ParOldGen       total 131072K, used 86696K [0x00000000c0000000, 0x00000000c8000000, 0x00000000eab00000)
  object space 131072K, 66% used [0x00000000c0000000,0x00000000c54aa3e8,0x00000000c8000000)
 Metaspace       used 87642K, committed 88768K, reserved 1130496K
  class space    used 8900K, committed 9408K, reserved 1048576K
}
Event: 5793.161 GC heap before
{Heap before GC invocations=2220 (full 27):
 PSYoungGen      total 20992K, used 20988K [0x00000000eab00000, 0x00000000ec380000, 0x0000000100000000)
  eden space 18432K, 100% used [0x00000000eab00000,0x00000000ebd00000,0x00000000ebd00000)
  from space 2560K, 99% used [0x00000000ec000000,0x00000000ec27f360,0x00000000ec280000)
  to   space 3072K, 0% used [0x00000000ebd00000,0x00000000ebd00000,0x00000000ec000000)
 ParOldGen       total 131072K, used 86696K [0x00000000c0000000, 0x00000000c8000000, 0x00000000eab00000)
  object space 131072K, 66% used [0x00000000c0000000,0x00000000c54aa3e8,0x00000000c8000000)
 Metaspace       used 87643K, committed 88768K, reserved 1130496K
  class space    used 8900K, committed 9408K, reserved 1048576K
}
Event: 5793.164 GC heap after
{Heap after GC invocations=2220 (full 27):
 PSYoungGen      total 21504K, used 2650K [0x00000000eab00000, 0x00000000ec300000, 0x0000000100000000)
  eden space 18432K, 0% used [0x00000000eab00000,0x00000000eab00000,0x00000000ebd00000)
  from space 3072K, 86% used [0x00000000ebd00000,0x00000000ebf96ba0,0x00000000ec000000)
  to   space 3072K, 0% used [0x00000000ec000000,0x00000000ec000000,0x00000000ec300000)
 ParOldGen       total 131072K, used 86696K [0x00000000c0000000, 0x00000000c8000000, 0x00000000eab00000)
  object space 131072K, 66% used [0x00000000c0000000,0x00000000c54aa3e8,0x00000000c8000000)
 Metaspace       used 87643K, committed 88768K, reserved 1130496K
  class space    used 8900K, committed 9408K, reserved 1048576K
}
Event: 5802.175 GC heap before
{Heap before GC invocations=2221 (full 27):
 PSYoungGen      total 21504K, used 21082K [0x00000000eab00000, 0x00000000ec300000, 0x0000000100000000)
  eden space 18432K, 100% used [0x00000000eab00000,0x00000000ebd00000,0x00000000ebd00000)
  from space 3072K, 86% used [0x00000000ebd00000,0x00000000ebf96ba0,0x00000000ec000000)
  to   space 3072K, 0% used [0x00000000ec000000,0x00000000ec000000,0x00000000ec300000)
 ParOldGen       total 131072K, used 86696K [0x00000000c0000000, 0x00000000c8000000, 0x00000000eab00000)
  object space 131072K, 66% used [0x00000000c0000000,0x00000000c54aa3e8,0x00000000c8000000)
 Metaspace       used 87643K, committed 88768K, reserved 1130496K
  class space    used 8900K, committed 9408K, reserved 1048576K
}
Event: 5802.176 GC heap after
{Heap after GC invocations=2221 (full 27):
 PSYoungGen      total 21504K, used 2823K [0x00000000eab00000, 0x00000000ec300000, 0x0000000100000000)
  eden space 18432K, 0% used [0x00000000eab00000,0x00000000eab00000,0x00000000ebd00000)
  from space 3072K, 91% used [0x00000000ec000000,0x00000000ec2c1e70,0x00000000ec300000)
  to   space 3072K, 0% used [0x00000000ebd00000,0x00000000ebd00000,0x00000000ec000000)
 ParOldGen       total 131072K, used 86696K [0x00000000c0000000, 0x00000000c8000000, 0x00000000eab00000)
  object space 131072K, 66% used [0x00000000c0000000,0x00000000c54aa3e8,0x00000000c8000000)
 Metaspace       used 87643K, committed 88768K, reserved 1130496K
  class space    used 8900K, committed 9408K, reserved 1048576K
}

